[2026-02-26 16:12:39] [INFO] ============================================================
[2026-02-26 16:12:39] [INFO] 🐙 GitHub Awesome Lists 技能学习
[2026-02-26 16:12:39] [INFO] ============================================================
[2026-02-26 16:12:39] [INFO] ⏰ 时间: 16:00
[2026-02-26 16:12:39] [INFO] 📂 目标类别: 🎬 视频/图片
[2026-02-26 16:12:39] [INFO] 📚 已学习技能: 33 个
[2026-02-26 16:12:39] [INFO] 🔍 检查 owainlewis/awesome-artificial-intelligence...
[2026-02-26 16:12:39] [WARN] 获取 owainlewis/awesome-artificial-intelligence 失败: HTTPSConnectionPool(host='raw.githubusercontent.com', port=443): Max retries exceeded with url: /owainlewis/awesome-artificial-intelligence/main/README.md (Caused by SSLError(SSLEOFError(8, '[SSL: UNEXPECTED_EOF_WHILE_READING] EOF occurred in violation of protocol (_ssl.c:1000)')))
[2026-02-26 16:12:40] [INFO] 🔍 检查 ChristosChristofidis/awesome-deep-learning...
[2026-02-26 16:12:40] [WARN] 获取 ChristosChristofidis/awesome-deep-learning 失败: HTTPSConnectionPool(host='raw.githubusercontent.com', port=443): Max retries exceeded with url: /ChristosChristofidis/awesome-deep-learning/main/README.md (Caused by SSLError(SSLEOFError(8, '[SSL: UNEXPECTED_EOF_WHILE_READING] EOF occurred in violation of protocol (_ssl.c:1000)')))
[2026-02-26 16:12:41] [INFO] 🔍 检查 josephmisiti/awesome-machine-learning...
[2026-02-26 16:12:41] [WARN] 获取 josephmisiti/awesome-machine-learning 失败: HTTPSConnectionPool(host='raw.githubusercontent.com', port=443): Max retries exceeded with url: /josephmisiti/awesome-machine-learning/main/README.md (Caused by SSLError(SSLEOFError(8, '[SSL: UNEXPECTED_EOF_WHILE_READING] EOF occurred in violation of protocol (_ssl.c:1000)')))
[2026-02-26 16:12:42] [INFO] 📊 总计找到 0 个相关项目
[2026-02-26 16:12:42] [INFO] 🆕 新项目: 0 个
[2026-02-26 16:12:42] [INFO] ⚠️ 未找到新技能
[2026-02-26 16:12:42] [INFO] ============================================================
[2026-02-26 16:16:04] [INFO] ============================================================
[2026-02-26 16:16:04] [INFO] 🐙 GitHub技能学习
[2026-02-26 16:16:04] [INFO] ============================================================
[2026-02-26 16:16:04] [INFO] ⏰ 时间: 16:00
[2026-02-26 16:16:04] [INFO] 📂 目标类别: 🎬 视频/图片
[2026-02-26 16:16:04] [INFO] 📚 已学习技能: 33 个
[2026-02-26 16:16:04] [INFO] 🔍 搜索: opencv
[2026-02-26 16:16:04] [WARN] 搜索错误: HTTPSConnectionPool(host='api.github.com', port=443): Max retries exceeded with url: /search/repositories?q=opencv+stars%3A%3E100+language%3Apython&sort=stars&order=desc&per_page=10 (Caused by SSLError(SSLEOFError(8, '[SSL: UNEXPECTED_EOF_WHILE_READING] EOF occurred in violation of protocol (_ssl.c:1000)')))
[2026-02-26 16:16:04] [INFO]   ✅ 找到 0 个仓库
[2026-02-26 16:16:06] [INFO] 🔍 搜索: ffmpeg
[2026-02-26 16:16:06] [WARN] 搜索错误: HTTPSConnectionPool(host='api.github.com', port=443): Max retries exceeded with url: /search/repositories?q=ffmpeg+stars%3A%3E100+language%3Apython&sort=stars&order=desc&per_page=10 (Caused by SSLError(SSLEOFError(8, '[SSL: UNEXPECTED_EOF_WHILE_READING] EOF occurred in violation of protocol (_ssl.c:1000)')))
[2026-02-26 16:16:06] [INFO]   ✅ 找到 0 个仓库
[2026-02-26 16:16:08] [INFO] 📊 总计找到 0 个仓库
[2026-02-26 16:16:08] [INFO] 🆕 新仓库: 0 个
[2026-02-26 16:16:08] [INFO] ⚠️ 未找到新技能
[2026-02-26 16:16:08] [INFO] ============================================================
[2026-02-26 16:21:09] [INFO] ============================================================
[2026-02-26 16:21:09] [INFO] 📚 GitHub Awesome Lists 技能学习
[2026-02-26 16:21:09] [INFO] ============================================================
[2026-02-26 16:21:09] [INFO] 已学习技能数: 33
[2026-02-26 16:21:09] [INFO] 
🎯 选择仓库: jonathontoon/awesome-artificial-intelligence
[2026-02-26 16:21:09] [INFO] 获取 jonathontoon/awesome-artificial-intelligence ...
[2026-02-26 16:21:09] [ERROR]   ✗ 错误: HTTPSConnectionPool(host='api.github.com', port=443): Max retries exceeded with url: /repos/jonathontoon/awesome-artificial-intelligence/readme (Caused by SSLError(SSLEOFError(8, '[SSL: UNEXPECTED_EOF_WHILE_READING] EOF occurred in violation of protocol (_ssl.c:1000)')))
[2026-02-26 16:21:09] [ERROR] ❌ 无法获取仓库内容
[2026-02-26 16:23:01] [INFO] ============================================================
[2026-02-26 16:23:01] [INFO] 📚 GitHub Awesome Lists 技能学习
[2026-02-26 16:23:01] [INFO] ============================================================
[2026-02-26 16:23:01] [INFO] 已学习技能数: 33
[2026-02-26 16:23:01] [INFO] 
🎯 选择仓库: fregu856/awesome-artificial-intelligence
[2026-02-26 16:23:01] [INFO] 获取 fregu856/awesome-artificial-intelligence ...
[2026-02-26 16:23:01] [ERROR]   ✗ 错误: HTTPSConnectionPool(host='raw.githubusercontent.com', port=443): Max retries exceeded with url: /fregu856/awesome-artificial-intelligence/master/README.md (Caused by SSLError(SSLEOFError(8, '[SSL: UNEXPECTED_EOF_WHILE_READING] EOF occurred in violation of protocol (_ssl.c:1000)')))
[2026-02-26 16:23:01] [ERROR] ❌ 无法获取仓库内容
[2026-02-26 16:24:14] [INFO] ============================================================
[2026-02-26 16:24:14] [INFO] 📚 GitHub Awesome Lists 技能学习
[2026-02-26 16:24:14] [INFO] ============================================================
[2026-02-26 16:24:14] [INFO] 已学习技能数: 33
[2026-02-26 16:24:14] [INFO] 
🎯 选择仓库: serhii-londar/open-source-mac-os-apps
[2026-02-26 16:24:14] [INFO] 获取 serhii-londar/open-source-mac-os-apps ...
[2026-02-26 16:24:14] [ERROR]   ✗ 错误: HTTPSConnectionPool(host='raw.githubusercontent.com', port=443): Max retries exceeded with url: /serhii-londar/open-source-mac-os-apps/master/README.md (Caused by SSLError(SSLEOFError(8, '[SSL: UNEXPECTED_EOF_WHILE_READING] EOF occurred in violation of protocol (_ssl.c:1000)')))
[2026-02-26 16:24:14] [ERROR] ❌ 无法获取仓库内容
[2026-02-26 16:26:23] [INFO] ============================================================
[2026-02-26 16:26:23] [INFO] 🐙 GitHub技能学习 (离线版)
[2026-02-26 16:26:23] [INFO] ============================================================
[2026-02-26 16:26:23] [INFO] ⏰ 时间: 16:00
[2026-02-26 16:26:23] [INFO] 📂 目标类别: 🔐 安全
[2026-02-26 16:26:23] [INFO] 📚 已学习技能: 33 个
[2026-02-26 16:26:23] [INFO] 🆕 新技能: 3 个
[2026-02-26 16:26:23] [INFO] 📖 学习: pycryptodome (2.8k ⭐)
[2026-02-26 16:26:28] [INFO] 📱 已发送通知
[2026-02-26 16:26:28] [INFO] ✅ 学习完成！
[2026-02-26 16:26:28] [INFO] ============================================================
